-------------------------------------------------------------------------------
Test set: TestSuite
-------------------------------------------------------------------------------
Tests run: 4, Failures: 1, Errors: 0, Skipped: 0, Time elapsed: 42.422 s <<< FAILURE! - in TestSuite
tc04(mainScript.DriverScript)  Time elapsed: 0.241 s  <<< FAILURE!
java.lang.AssertionError: expected [true] but found [false]
	at mainScript.DriverScript.tc04(DriverScript.java:89)

