<?xml version="1.0" encoding="UTF-8"?>
<!-- Generated by org.testng.reporters.JUnitXMLReporter -->
<testsuite hostname="LAPTOP-9S02J07H" ignored="0" name="Test" tests="4" failures="1" timestamp="24 Sep 2019 11:20:00 GMT" time="39.159" errors="0">
  <testcase name="tc01" time="19.012" classname="mainScript.DriverScript"/>
  <testcase name="tc02" time="6.188" classname="mainScript.DriverScript"/>
  <testcase name="tc03" time="13.684" classname="mainScript.DriverScript"/>
  <testcase name="tc04" time="0.214" classname="mainScript.DriverScript">
    <failure type="java.lang.AssertionError" message="expected [true] but found [false]">
      <![CDATA[java.lang.AssertionError: expected [true] but found [false]
	at mainScript.DriverScript.tc04(DriverScript.java:89)
... Removed 33 stack frames]]>
    </failure>
  </testcase> <!-- tc04 -->
</testsuite> <!-- Test -->
